#
# A fatal error has been detected by the Java Runtime Environment:
#
#  SIGSEGV (0xb) at pc=0x0000000101e46908, pid=4114, tid=19203
#
# JRE version: Java(TM) SE Runtime Environment (8.0_65-b17) (build 1.8.0_65-b17)
# Java VM: Java HotSpot(TM) 64-Bit Server VM (25.65-b01 mixed mode bsd-amd64 compressed oops)
# Problematic frame:
# V  [libjvm.dylib+0x446908]
#
# Failed to write core dump. Core dumps have been disabled. To enable core dumping, try "ulimit -c unlimited" before starting Java again
#
# If you would like to submit a bug report, please visit:
#   http://bugreport.java.com/bugreport/crash.jsp
#

---------------  T H R E A D  ---------------

Current thread (0x00007fc448004000):  JavaThread "JDWP Transport Listener: dt_socket" daemon [_thread_in_vm, id=19203, stack(0x000070000c067000,0x000070000c167000)]

siginfo: si_signo: 11 (SIGSEGV), si_code: 0 (unknown), si_addr: 0x0000000000000000

Registers:
RAX=0x0000000000000001, RBX=0x000070000c166a8b, RCX=0x0000000102215310, RDX=0x000070000c166a8b
RSP=0x000070000c1669d0, RBP=0x000070000c1669e0, RSI=0x00007fc448004000, RDI=0x63656c6665520003
R8 =0x0000000000000002, R9 =0x0000000000000000, R10=0x0000000000000001, R11=0x0000000000000003
R12=0x00007fc448004000, R13=0x63656c6665520003, R14=0x63656c6665520003, R15=0x00007fc445501c80
RIP=0x0000000101e46908, EFLAGS=0x0000000000010206, ERR=0x0000000000000000
  TRAPNO=0x000000000000000d

Top of Stack: (sp=0x000070000c1669d0)
0x000070000c1669d0:   000070000c166a8b 000070000c166a8b
0x000070000c1669e0:   000070000c166a40 0000000101d55a02
0x000070000c1669f0:   00007fc448004000 0000000000000000
0x000070000c166a00:   0000000000000000 0000000000000000
0x000070000c166a10:   00007fc448004000 00007fc448004000
0x000070000c166a20:   000070000c166a8b 000070000c166a90
0x000070000c166a30:   63656c6665520003 0000000000000002
0x000070000c166a40:   000070000c166a60 00000001029de780
0x000070000c166a50:   0000000000000001 000070000c166b08
0x000070000c166a60:   000070000c166ad0 00000001029c31f3
0x000070000c166a70:   000070000c166aa0 00007fc445703920
0x000070000c166a80:   0000000400000032 0000000900166b08
0x000070000c166a90:   0000000000000000 0000000000000000
0x000070000c166aa0:   0000000000000000 000070000c166c90
0x000070000c166ab0:   00000001029e5e7a 00007fc446307d80
0x000070000c166ac0:   000070000c166b08 00000001029f1598
0x000070000c166ad0:   000070000c166ae0 00000001029c32ec
0x000070000c166ae0:   000070000c166d00 00000001029cc898
0x000070000c166af0:   00001ebc00000013 00000000000f0200
0x000070000c166b00:   00007fc446307870 000070000c166bf1
0x000070000c166b10:   00007fc400000093 000070000c166b20
0x000070000c166b20:   00007fc400000099 000070000c166b58
0x000070000c166b30:   0000000000000000 0000000000000000
0x000070000c166b40:   00001ebc0000001c 00007fc400006f80
0x000070000c166b50:   000070000c166b58 c47f000004000000
0x000070000c166b60:   0600000070c24245 00003e74696e693c
0x000070000c166b70:   0000005629280300 7f00000100000000
0x000070000c166b80:   00000090c24245c4 73656c6c616d730d
0x000070000c166b90:   000065676e615274 6176616a4c281400
0x000070000c166ba0:   694c2f6c6974752f 0000495b293b7473
0x000070000c166bb0:   6176616a4c283b00 694c2f6c6974752f
0x000070000c166bc0:   6176616a4c3c7473 694c2f6c6974752f 

Instructions: (pc=0x0000000101e46908)
0x0000000101e468e8:   40 48 48 85 c0 75 e0 30 c0 0f b6 c0 5d c3 31 c0
0x0000000101e468f8:   5d c3 55 48 89 e5 53 48 83 ec 08 48 85 ff 74 24
0x0000000101e46908:   48 8b 1f 48 85 db 74 1c 48 83 fb 37 74 16 48 8b
0x0000000101e46918:   03 48 89 df ff 50 10 84 c0 b8 00 00 00 00 48 0f 

Register to memory mapping:

RAX=0x0000000000000001 is an unknown value
RBX=0x000070000c166a8b is pointing into the stack for thread: 0x00007fc448004000
RCX=0x0000000102215310: UseMembar+0 in /Library/Java/JavaVirtualMachines/jdk1.8.0_65.jdk/Contents/Home/jre/lib/server/libjvm.dylib at 0x0000000101a00000
RDX=0x000070000c166a8b is pointing into the stack for thread: 0x00007fc448004000
RSP=0x000070000c1669d0 is pointing into the stack for thread: 0x00007fc448004000
RBP=0x000070000c1669e0 is pointing into the stack for thread: 0x00007fc448004000
RSI=0x00007fc448004000 is a thread
RDI=0x63656c6665520003 is an unknown value
R8 =0x0000000000000002 is an unknown value
R9 =0x0000000000000000 is an unknown value
R10=0x0000000000000001 is an unknown value
R11=0x0000000000000003 is an unknown value
R12=0x00007fc448004000 is a thread
R13=0x63656c6665520003 is an unknown value
R14=0x63656c6665520003 is an unknown value
R15=0x00007fc445501c80 is an unknown value


Stack: [0x000070000c067000,0x000070000c167000],  sp=0x000070000c1669d0,  free space=1022k
Native frames: (J=compiled Java code, j=interpreted, Vv=VM code, C=native code)
V  [libjvm.dylib+0x446908]
V  [libjvm.dylib+0x355a02]
C  [libjdwp.dylib+0x20780]  isMethodSynthetic+0x63
C  [libjdwp.dylib+0x51f3]  methods1+0x10b
C  [libjdwp.dylib+0x52ec]  methodsWithGeneric+0xe
C  [libjdwp.dylib+0xe898]  debugLoop_run+0x1ce
C  [libjdwp.dylib+0x1f6ba]  attachThread+0x4d
V  [libjvm.dylib+0x396d60]
V  [libjvm.dylib+0x5612d3]
V  [libjvm.dylib+0x5629ce]
V  [libjvm.dylib+0x48342e]
C  [libsystem_pthread.dylib+0x393b]  _pthread_body+0xb4
C  [libsystem_pthread.dylib+0x3887]  _pthread_body+0x0
C  [libsystem_pthread.dylib+0x308d]  thread_start+0xd
C  0x0000000000000000


---------------  P R O C E S S  ---------------

Java Threads: ( => current thread )
  0x00007fc447800800 JavaThread "Service Thread" daemon [_thread_blocked, id=22787, stack(0x000070000c77c000,0x000070000c87c000)]
  0x00007fc446816800 JavaThread "C1 CompilerThread3" daemon [_thread_blocked, id=22275, stack(0x000070000c679000,0x000070000c779000)]
  0x00007fc446815800 JavaThread "C2 CompilerThread2" daemon [_thread_blocked, id=21763, stack(0x000070000c576000,0x000070000c676000)]
  0x00007fc449805000 JavaThread "C2 CompilerThread1" daemon [_thread_blocked, id=21251, stack(0x000070000c473000,0x000070000c573000)]
  0x00007fc446811000 JavaThread "C2 CompilerThread0" daemon [_thread_blocked, id=20739, stack(0x000070000c370000,0x000070000c470000)]
  0x00007fc449803800 JavaThread "JDWP Command Reader" daemon [_thread_in_native, id=20227, stack(0x000070000c26d000,0x000070000c36d000)]
  0x00007fc445834000 JavaThread "JDWP Event Helper Thread" daemon [_thread_blocked, id=19715, stack(0x000070000c16a000,0x000070000c26a000)]
=>0x00007fc448004000 JavaThread "JDWP Transport Listener: dt_socket" daemon [_thread_in_vm, id=19203, stack(0x000070000c067000,0x000070000c167000)]
  0x00007fc446811800 JavaThread "Signal Dispatcher" daemon [_thread_blocked, id=18691, stack(0x000070000bf64000,0x000070000c064000)]
  0x00007fc445858000 JavaThread "Finalizer" daemon [_thread_blocked, id=14595, stack(0x000070000be61000,0x000070000bf61000)]
  0x00007fc445802800 JavaThread "Reference Handler" daemon [_thread_blocked, id=14083, stack(0x000070000bd5e000,0x000070000be5e000)]
  0x00007fc447002000 JavaThread "main" [_thread_blocked, id=7171, stack(0x000070000b340000,0x000070000b440000)]

Other Threads:
  0x00007fc446808800 VMThread [stack: 0x000070000bc5b000,0x000070000bd5b000] [id=13571]
  0x00007fc447011800 WatcherThread [stack: 0x000070000c87f000,0x000070000c97f000] [id=23299]

VM state:not at safepoint (normal execution)

VM Mutex/Monitor currently owned by a thread: None

Heap:
 PSYoungGen      total 76288K, used 6553K [0x000000076ab00000, 0x0000000770000000, 0x00000007c0000000)
  eden space 65536K, 10% used [0x000000076ab00000,0x000000076b1667c8,0x000000076eb00000)
  from space 10752K, 0% used [0x000000076f580000,0x000000076f580000,0x0000000770000000)
  to   space 10752K, 0% used [0x000000076eb00000,0x000000076eb00000,0x000000076f580000)
 ParOldGen       total 175104K, used 0K [0x00000006c0000000, 0x00000006cab00000, 0x000000076ab00000)
  object space 175104K, 0% used [0x00000006c0000000,0x00000006c0000000,0x00000006cab00000)
 Metaspace       used 3602K, capacity 4648K, committed 4864K, reserved 1056768K
  class space    used 398K, capacity 457K, committed 512K, reserved 1048576K

Card table byte_map: [0x0000000102dc9000,0x00000001035ca000] byte_map_base: 0x00000000ff7c9000

Marking Bits: (ParMarkBitMap*) 0x00000001022dee20
 Begin Bits: [0x000000011a7bc000, 0x000000011e7bc000)
 End Bits:   [0x000000011e7bc000, 0x00000001227bc000)

Polling page: 0x00000001009df000

CodeCache: size=245760Kb used=1409Kb max_used=1417Kb free=244350Kb
 bounds [0x000000010b7bc000, 0x000000010ba2c000, 0x000000011a7bc000]
 total_blobs=435 nmethods=190 adapters=167
 compilation: enabled

Compilation events (10 events):
Event: 0.201 Thread 0x00007fc446816800 nmethod 172 0x000000010b91ab10 code [0x000000010b91ac60, 0x000000010b91ad70]
Event: 0.202 Thread 0x00007fc446816800  187       3       jdk.internal.org.objectweb.asm.ByteVector::<init> (13 bytes)
Event: 0.202 Thread 0x00007fc446816800 nmethod 187 0x000000010b91add0 code [0x000000010b91af40, 0x000000010b91b190]
Event: 0.203 Thread 0x00007fc446816800  189       3       jdk.internal.org.objectweb.asm.ByteVector::putInt (74 bytes)
Event: 0.203 Thread 0x00007fc446811000 nmethod 186 0x000000010b91e190 code [0x000000010b91e300, 0x000000010b91e638]
Event: 0.203 Thread 0x00007fc446816800 nmethod 189 0x000000010b91dbd0 code [0x000000010b91dd40, 0x000000010b91dfe8]
Event: 0.203 Thread 0x00007fc446816800  188       3       jdk.internal.org.objectweb.asm.ByteVector::putByteArray (49 bytes)
Event: 0.203 Thread 0x00007fc446816800 nmethod 188 0x000000010b91d610 code [0x000000010b91d7a0, 0x000000010b91dad8]
Event: 0.204 Thread 0x00007fc446816800  190       3       jdk.internal.org.objectweb.asm.ByteVector::enlarge (51 bytes)
Event: 0.205 Thread 0x00007fc446816800 nmethod 190 0x000000010b91d090 code [0x000000010b91d200, 0x000000010b91d528]

GC Heap History (0 events):
No events

Deoptimization events (0 events):
No events

Internal exceptions (4 events):
Event: 0.039 Thread 0x00007fc447002000 Exception <a 'java/lang/NoSuchMethodError': Method sun.misc.Unsafe.defineClass(Ljava/lang/String;[BII)Ljava/lang/Class; name or signature does not match> (0x000000076ab12f10) thrown at [/Users/java_re/workspace/8-2-build-macosx-x86_64/jdk8u65/4987/hotspot
Event: 0.039 Thread 0x00007fc447002000 Exception <a 'java/lang/NoSuchMethodError': Method sun.misc.Unsafe.prefetchRead(Ljava/lang/Object;J)V name or signature does not match> (0x000000076ab131f8) thrown at [/Users/java_re/workspace/8-2-build-macosx-x86_64/jdk8u65/4987/hotspot/src/share/vm/prim
Event: 0.175 Thread 0x00007fc447002000 Exception <a 'java/lang/NoSuchFieldError': method resolution failed> (0x000000076ac457c8) thrown at [/Users/java_re/workspace/8-2-build-macosx-x86_64/jdk8u65/4987/hotspot/src/share/vm/prims/methodHandles.cpp, line 1146]
Event: 0.181 Thread 0x00007fc447002000 Exception <a 'java/lang/NoSuchFieldError': method resolution failed> (0x000000076b029d60) thrown at [/Users/java_re/workspace/8-2-build-macosx-x86_64/jdk8u65/4987/hotspot/src/share/vm/prims/methodHandles.cpp, line 1146]

Events (10 events):
Event: 136.361 Executing VM operation: GetCurrentLocation
Event: 136.361 Executing VM operation: GetCurrentLocation done
Event: 136.361 Executing VM operation: EnterInterpOnlyMode
Event: 136.361 Executing VM operation: EnterInterpOnlyMode done
Event: 136.361 Executing VM operation: ChangeSingleStep
Event: 136.361 Executing VM operation: ChangeSingleStep done
Event: 136.361 Executing VM operation: ChangeSingleStep
Event: 136.361 Executing VM operation: ChangeSingleStep done
Event: 136.364 Executing VM operation: RedefineClasses
Event: 136.366 Executing VM operation: RedefineClasses done


Dynamic libraries:
0x000000004d97e000 	/System/Library/Frameworks/Cocoa.framework/Versions/A/Cocoa
0x000000004d97e000 	/System/Library/Frameworks/Security.framework/Versions/A/Security
0x000000004d97e000 	/System/Library/Frameworks/ApplicationServices.framework/Versions/A/ApplicationServices
0x000000004d97e000 	/usr/lib/libz.1.dylib
0x000000004d97e000 	/usr/lib/libSystem.B.dylib
0x000000004d97e000 	/usr/lib/libobjc.A.dylib
0x000000004d97e000 	/System/Library/Frameworks/CoreFoundation.framework/Versions/A/CoreFoundation
0x000000004d97e000 	/System/Library/Frameworks/Foundation.framework/Versions/C/Foundation
0x000000004d97e000 	/System/Library/Frameworks/AppKit.framework/Versions/C/AppKit
0x000000004d97e000 	/System/Library/Frameworks/CoreData.framework/Versions/A/CoreData
0x000000004d97e000 	/System/Library/PrivateFrameworks/RemoteViewServices.framework/Versions/A/RemoteViewServices
0x000000004d97e000 	/System/Library/PrivateFrameworks/UIFoundation.framework/Versions/A/UIFoundation
0x000000004d97e000 	/System/Library/PrivateFrameworks/DFRFoundation.framework/Versions/A/DFRFoundation
0x000000004d97e000 	/usr/lib/libenergytrace.dylib
0x000000004d97e000 	/System/Library/PrivateFrameworks/SkyLight.framework/Versions/A/SkyLight
0x000000004d97e000 	/System/Library/Frameworks/CoreGraphics.framework/Versions/A/CoreGraphics
0x000000004d97e000 	/usr/lib/libScreenReader.dylib
0x000000004d97e000 	/System/Library/Frameworks/Accelerate.framework/Versions/A/Accelerate
0x000000004d97e000 	/System/Library/Frameworks/IOSurface.framework/Versions/A/IOSurface
0x000000004d97e000 	/System/Library/Frameworks/AudioToolbox.framework/Versions/A/AudioToolbox
0x000000004d97e000 	/System/Library/Frameworks/AudioUnit.framework/Versions/A/AudioUnit
0x000000004d97e000 	/System/Library/PrivateFrameworks/DataDetectorsCore.framework/Versions/A/DataDetectorsCore
0x000000004d97e000 	/System/Library/PrivateFrameworks/DesktopServicesPriv.framework/Versions/A/DesktopServicesPriv
0x000000004d97e000 	/System/Library/Frameworks/Carbon.framework/Versions/A/Frameworks/HIToolbox.framework/Versions/A/HIToolbox
0x000000004d97e000 	/usr/lib/libicucore.A.dylib
0x000000004d97e000 	/System/Library/Frameworks/QuartzCore.framework/Versions/A/QuartzCore
0x000000004d97e000 	/System/Library/Frameworks/Carbon.framework/Versions/A/Frameworks/SpeechRecognition.framework/Versions/A/SpeechRecognition
0x000000004d97e000 	/usr/lib/libauto.dylib
0x000000004d97e000 	/usr/lib/libxml2.2.dylib
0x000000004d97e000 	/System/Library/PrivateFrameworks/CoreUI.framework/Versions/A/CoreUI
0x000000004d97e000 	/System/Library/Frameworks/CoreAudio.framework/Versions/A/CoreAudio
0x000000004d97e000 	/System/Library/Frameworks/DiskArbitration.framework/Versions/A/DiskArbitration
0x000000004d97e000 	/usr/lib/liblangid.dylib
0x000000004d97e000 	/System/Library/PrivateFrameworks/MultitouchSupport.framework/Versions/A/MultitouchSupport
0x000000004d97e000 	/System/Library/Frameworks/IOKit.framework/Versions/A/IOKit
0x000000004d97e000 	/usr/lib/libDiagnosticMessagesClient.dylib
0x000000004d97e000 	/System/Library/Frameworks/CoreServices.framework/Versions/A/CoreServices
0x000000004d97e000 	/System/Library/PrivateFrameworks/PerformanceAnalysis.framework/Versions/A/PerformanceAnalysis
0x000000004d97e000 	/System/Library/PrivateFrameworks/GenerationalStorage.framework/Versions/A/GenerationalStorage
0x000000004d97e000 	/System/Library/Frameworks/OpenGL.framework/Versions/A/OpenGL
0x000000004d97e000 	/System/Library/Frameworks/CoreImage.framework/Versions/A/CoreImage
0x000000004d97e000 	/System/Library/Frameworks/CoreText.framework/Versions/A/CoreText
0x000000004d97e000 	/System/Library/Frameworks/ImageIO.framework/Versions/A/ImageIO
0x000000004d97e000 	/System/Library/PrivateFrameworks/Backup.framework/Versions/A/Backup
0x000000004d97e000 	/usr/lib/libarchive.2.dylib
0x000000004d97e000 	/System/Library/Frameworks/CFNetwork.framework/Versions/A/CFNetwork
0x000000004d97e000 	/System/Library/Frameworks/SystemConfiguration.framework/Versions/A/SystemConfiguration
0x000000004d97e000 	/usr/lib/libCRFSuite.dylib
0x000000004d97e000 	/usr/lib/libc++.1.dylib
0x000000004d97e000 	/usr/lib/libc++abi.dylib
0x000000004d97e000 	/usr/lib/system/libcache.dylib
0x000000004d97e000 	/usr/lib/system/libcommonCrypto.dylib
0x000000004d97e000 	/usr/lib/system/libcompiler_rt.dylib
0x000000004d97e000 	/usr/lib/system/libcopyfile.dylib
0x000000004d97e000 	/usr/lib/system/libcorecrypto.dylib
0x000000004d97e000 	/usr/lib/system/libdispatch.dylib
0x000000004d97e000 	/usr/lib/system/libdyld.dylib
0x000000004d97e000 	/usr/lib/system/libkeymgr.dylib
0x000000004d97e000 	/usr/lib/system/liblaunch.dylib
0x000000004d97e000 	/usr/lib/system/libmacho.dylib
0x000000004d97e000 	/usr/lib/system/libquarantine.dylib
0x000000004d97e000 	/usr/lib/system/libremovefile.dylib
0x000000004d97e000 	/usr/lib/system/libsystem_asl.dylib
0x000000004d97e000 	/usr/lib/system/libsystem_blocks.dylib
0x000000004d97e000 	/usr/lib/system/libsystem_c.dylib
0x000000004d97e000 	/usr/lib/system/libsystem_configuration.dylib
0x000000004d97e000 	/usr/lib/system/libsystem_coreservices.dylib
0x000000004d97e000 	/usr/lib/system/libsystem_coretls.dylib
0x000000004d97e000 	/usr/lib/system/libsystem_dnssd.dylib
0x000000004d97e000 	/usr/lib/system/libsystem_info.dylib
0x000000004d97e000 	/usr/lib/system/libsystem_kernel.dylib
0x000000004d97e000 	/usr/lib/system/libsystem_m.dylib
0x000000004d97e000 	/usr/lib/system/libsystem_malloc.dylib
0x000000004d97e000 	/usr/lib/system/libsystem_network.dylib
0x000000004d97e000 	/usr/lib/system/libsystem_networkextension.dylib
0x000000004d97e000 	/usr/lib/system/libsystem_notify.dylib
0x000000004d97e000 	/usr/lib/system/libsystem_platform.dylib
0x000000004d97e000 	/usr/lib/system/libsystem_pthread.dylib
0x000000004d97e000 	/usr/lib/system/libsystem_sandbox.dylib
0x000000004d97e000 	/usr/lib/system/libsystem_secinit.dylib
0x000000004d97e000 	/usr/lib/system/libsystem_symptoms.dylib
0x000000004d97e000 	/usr/lib/system/libsystem_trace.dylib
0x000000004d97e000 	/usr/lib/system/libunwind.dylib
0x000000004d97e000 	/usr/lib/system/libxpc.dylib
0x000000004d97e000 	/usr/lib/libbsm.0.dylib
0x000000004d97e000 	/usr/lib/system/libkxld.dylib
0x000000004d97e000 	/usr/lib/libcoretls.dylib
0x000000004d97e000 	/usr/lib/libcoretls_cfhelpers.dylib
0x000000004d97e000 	/usr/lib/libOpenScriptingUtil.dylib
0x000000004d97e000 	/usr/lib/libpam.2.dylib
0x000000004d97e000 	/usr/lib/libsqlite3.dylib
0x000000004d97e000 	/usr/lib/libxar.1.dylib
0x000000004d97e000 	/usr/lib/libbz2.1.0.dylib
0x000000004d97e000 	/usr/lib/liblzma.5.dylib
0x000000004d97e000 	/usr/lib/libnetwork.dylib
0x000000004d97e000 	/usr/lib/libpcap.A.dylib
0x000000004d97e000 	/System/Library/Frameworks/CoreServices.framework/Versions/A/Frameworks/FSEvents.framework/Versions/A/FSEvents
0x000000004d97e000 	/System/Library/Frameworks/CoreServices.framework/Versions/A/Frameworks/CarbonCore.framework/Versions/A/CarbonCore
0x000000004d97e000 	/System/Library/Frameworks/CoreServices.framework/Versions/A/Frameworks/Metadata.framework/Versions/A/Metadata
0x000000004d97e000 	/System/Library/Frameworks/CoreServices.framework/Versions/A/Frameworks/OSServices.framework/Versions/A/OSServices
0x000000004d97e000 	/System/Library/Frameworks/CoreServices.framework/Versions/A/Frameworks/SearchKit.framework/Versions/A/SearchKit
0x000000004d97e000 	/System/Library/Frameworks/CoreServices.framework/Versions/A/Frameworks/AE.framework/Versions/A/AE
0x000000004d97e000 	/System/Library/Frameworks/CoreServices.framework/Versions/A/Frameworks/LaunchServices.framework/Versions/A/LaunchServices
0x000000004d97e000 	/System/Library/Frameworks/CoreServices.framework/Versions/A/Frameworks/DictionaryServices.framework/Versions/A/DictionaryServices
0x000000004d97e000 	/System/Library/Frameworks/CoreServices.framework/Versions/A/Frameworks/SharedFileList.framework/Versions/A/SharedFileList
0x000000004d97e000 	/System/Library/Frameworks/NetFS.framework/Versions/A/NetFS
0x000000004d97e000 	/System/Library/PrivateFrameworks/NetAuth.framework/Versions/A/NetAuth
0x000000004d97e000 	/System/Library/PrivateFrameworks/login.framework/Versions/A/Frameworks/loginsupport.framework/Versions/A/loginsupport
0x000000004d97e000 	/System/Library/PrivateFrameworks/TCC.framework/Versions/A/TCC
0x000000004d97e000 	/usr/lib/libmecabra.dylib
0x000000004d97e000 	/System/Library/Frameworks/ApplicationServices.framework/Versions/A/Frameworks/ATS.framework/Versions/A/ATS
0x000000004d97e000 	/System/Library/Frameworks/ApplicationServices.framework/Versions/A/Frameworks/ColorSync.framework/Versions/A/ColorSync
0x000000004d97e000 	/System/Library/Frameworks/ApplicationServices.framework/Versions/A/Frameworks/HIServices.framework/Versions/A/HIServices
0x000000004d97e000 	/System/Library/Frameworks/ApplicationServices.framework/Versions/A/Frameworks/LangAnalysis.framework/Versions/A/LangAnalysis
0x000000004d97e000 	/System/Library/Frameworks/ApplicationServices.framework/Versions/A/Frameworks/PrintCore.framework/Versions/A/PrintCore
0x000000004d97e000 	/System/Library/Frameworks/ApplicationServices.framework/Versions/A/Frameworks/QD.framework/Versions/A/QD
0x000000004d97e000 	/System/Library/Frameworks/ApplicationServices.framework/Versions/A/Frameworks/SpeechSynthesis.framework/Versions/A/SpeechSynthesis
0x000000004d97e000 	/System/Library/Frameworks/Accelerate.framework/Versions/A/Frameworks/vImage.framework/Versions/A/vImage
0x000000004d97e000 	/System/Library/Frameworks/Accelerate.framework/Versions/A/Frameworks/vecLib.framework/Versions/A/vecLib
0x000000004d97e000 	/System/Library/Frameworks/Accelerate.framework/Versions/A/Frameworks/vecLib.framework/Versions/A/libvDSP.dylib
0x000000004d97e000 	/System/Library/Frameworks/Accelerate.framework/Versions/A/Frameworks/vecLib.framework/Versions/A/libBNNS.dylib
0x000000004d97e000 	/System/Library/Frameworks/Accelerate.framework/Versions/A/Frameworks/vecLib.framework/Versions/A/libQuadrature.dylib
0x000000004d97e000 	/System/Library/Frameworks/Accelerate.framework/Versions/A/Frameworks/vecLib.framework/Versions/A/libvMisc.dylib
0x000000004d97e000 	/System/Library/Frameworks/Accelerate.framework/Versions/A/Frameworks/vecLib.framework/Versions/A/libLAPACK.dylib
0x000000004d97e000 	/System/Library/Frameworks/Accelerate.framework/Versions/A/Frameworks/vecLib.framework/Versions/A/libBLAS.dylib
0x000000004d97e000 	/System/Library/Frameworks/Accelerate.framework/Versions/A/Frameworks/vecLib.framework/Versions/A/libLinearAlgebra.dylib
0x000000004d97e000 	/System/Library/Frameworks/Accelerate.framework/Versions/A/Frameworks/vecLib.framework/Versions/A/libSparseBLAS.dylib
0x000000004d97e000 	/System/Library/Frameworks/ApplicationServices.framework/Versions/A/Frameworks/ATS.framework/Versions/A/Resources/libFontParser.dylib
0x000000004d97e000 	/System/Library/Frameworks/ApplicationServices.framework/Versions/A/Frameworks/ATS.framework/Versions/A/Resources/libFontRegistry.dylib
0x000000004d97e000 	/System/Library/Frameworks/ImageIO.framework/Versions/A/Resources/libJPEG.dylib
0x000000004d97e000 	/System/Library/Frameworks/ImageIO.framework/Versions/A/Resources/libTIFF.dylib
0x000000004d97e000 	/System/Library/Frameworks/ImageIO.framework/Versions/A/Resources/libPng.dylib
0x000000004d97e000 	/System/Library/Frameworks/ImageIO.framework/Versions/A/Resources/libGIF.dylib
0x000000004d97e000 	/System/Library/Frameworks/ImageIO.framework/Versions/A/Resources/libJP2.dylib
0x000000004d97e000 	/System/Library/Frameworks/ImageIO.framework/Versions/A/Resources/libRadiance.dylib
0x000000004d97e000 	/usr/lib/libcompression.dylib
0x000000004d97e000 	/System/Library/PrivateFrameworks/AppleJPEG.framework/Versions/A/AppleJPEG
0x000000004d97e000 	/usr/lib/libcups.2.dylib
0x000000004d97e000 	/System/Library/Frameworks/Kerberos.framework/Versions/A/Kerberos
0x000000004d97e000 	/System/Library/Frameworks/GSS.framework/Versions/A/GSS
0x000000004d97e000 	/usr/lib/libresolv.9.dylib
0x000000004d97e000 	/usr/lib/libiconv.2.dylib
0x000000004d97e000 	/System/Library/PrivateFrameworks/Heimdal.framework/Versions/A/Heimdal
0x000000004d97e000 	/usr/lib/libheimdal-asn1.dylib
0x000000004d97e000 	/System/Library/Frameworks/OpenDirectory.framework/Versions/A/OpenDirectory
0x000000004d97e000 	/System/Library/PrivateFrameworks/CommonAuth.framework/Versions/A/CommonAuth
0x000000004d97e000 	/System/Library/Frameworks/OpenDirectory.framework/Versions/A/Frameworks/CFOpenDirectory.framework/Versions/A/CFOpenDirectory
0x000000004d97e000 	/System/Library/Frameworks/SecurityFoundation.framework/Versions/A/SecurityFoundation
0x000000004d97e000 	/System/Library/PrivateFrameworks/LanguageModeling.framework/Versions/A/LanguageModeling
0x000000004d97e000 	/usr/lib/libmarisa.dylib
0x000000004d97e000 	/usr/lib/libChineseTokenizer.dylib
0x000000004d97e000 	/usr/lib/libcmph.dylib
0x000000004d97e000 	/System/Library/PrivateFrameworks/CoreEmoji.framework/Versions/A/CoreEmoji
0x000000004d97e000 	/System/Library/Frameworks/ServiceManagement.framework/Versions/A/ServiceManagement
0x000000004d97e000 	/usr/lib/libxslt.1.dylib
0x000000004d97e000 	/System/Library/Frameworks/Carbon.framework/Versions/A/Frameworks/Ink.framework/Versions/A/Ink
0x000000004d97e000 	/System/Library/PrivateFrameworks/TextureIO.framework/Versions/A/TextureIO
0x000000004d97e000 	/System/Library/Frameworks/Metal.framework/Versions/A/Metal
0x000000004d97e000 	/usr/lib/libate.dylib
0x000000004d97e000 	/System/Library/PrivateFrameworks/GPUCompiler.framework/libmetal_timestamp.dylib
0x000000004d97e000 	/System/Library/Frameworks/OpenGL.framework/Versions/A/Libraries/libCoreFSCache.dylib
0x000000004d97e000 	/System/Library/PrivateFrameworks/IOAccelerator.framework/Versions/A/IOAccelerator
0x000000004d97e000 	/System/Library/Frameworks/CoreVideo.framework/Versions/A/CoreVideo
0x000000004d97e000 	/usr/lib/libFosl_dynamic.dylib
0x000000004d97e000 	/System/Library/PrivateFrameworks/MetalPerformanceShaders.framework/Versions/A/MetalPerformanceShaders
0x000000004d97e000 	/System/Library/PrivateFrameworks/FaceCore.framework/Versions/A/FaceCore
0x000000004d97e000 	/System/Library/Frameworks/OpenCL.framework/Versions/A/OpenCL
0x000000004d97e000 	/System/Library/Frameworks/OpenGL.framework/Versions/A/Libraries/libGLU.dylib
0x000000004d97e000 	/System/Library/Frameworks/OpenGL.framework/Versions/A/Libraries/libGFXShared.dylib
0x000000004d97e000 	/System/Library/Frameworks/OpenGL.framework/Versions/A/Libraries/libGL.dylib
0x000000004d97e000 	/System/Library/Frameworks/OpenGL.framework/Versions/A/Libraries/libGLImage.dylib
0x000000004d97e000 	/System/Library/Frameworks/OpenGL.framework/Versions/A/Libraries/libCVMSPluginSupport.dylib
0x000000004d97e000 	/System/Library/Frameworks/OpenGL.framework/Versions/A/Libraries/libCoreVMClient.dylib
0x000000004d97e000 	/System/Library/PrivateFrameworks/CrashReporterSupport.framework/Versions/A/CrashReporterSupport
0x000000004d97e000 	/System/Library/PrivateFrameworks/Sharing.framework/Versions/A/Sharing
0x000000004d97e000 	/System/Library/PrivateFrameworks/IconServices.framework/Versions/A/IconServices
0x000000004d97e000 	/System/Library/PrivateFrameworks/ProtocolBuffer.framework/Versions/A/ProtocolBuffer
0x000000004d97e000 	/System/Library/PrivateFrameworks/Apple80211.framework/Versions/A/Apple80211
0x000000004d97e000 	/System/Library/Frameworks/CoreWLAN.framework/Versions/A/CoreWLAN
0x000000004d97e000 	/System/Library/PrivateFrameworks/CoreUtils.framework/Versions/A/CoreUtils
0x000000004d97e000 	/System/Library/Frameworks/IOBluetooth.framework/Versions/A/IOBluetooth
0x000000004d97e000 	/System/Library/PrivateFrameworks/CoreWiFi.framework/Versions/A/CoreWiFi
0x000000004d97e000 	/System/Library/Frameworks/CoreBluetooth.framework/Versions/A/CoreBluetooth
0x000000004d97e000 	/System/Library/Frameworks/CoreDisplay.framework/Versions/A/CoreDisplay
0x000000004d97e000 	/System/Library/PrivateFrameworks/IOPresentment.framework/Versions/A/IOPresentment
0x000000004d97e000 	/System/Library/PrivateFrameworks/DSExternalDisplay.framework/Versions/A/DSExternalDisplay
0x000000004d97e000 	/System/Library/PrivateFrameworks/DebugSymbols.framework/Versions/A/DebugSymbols
0x000000004d97e000 	/System/Library/PrivateFrameworks/CoreSymbolication.framework/Versions/A/CoreSymbolication
0x000000004d97e000 	/System/Library/PrivateFrameworks/Symbolication.framework/Versions/A/Symbolication
0x000000004d97e000 	/System/Library/PrivateFrameworks/AppleFSCompression.framework/Versions/A/AppleFSCompression
0x000000004d97e000 	/System/Library/PrivateFrameworks/SpeechRecognitionCore.framework/Versions/A/SpeechRecognitionCore
0x000000004d97e000 	/System/Library/PrivateFrameworks/ChunkingLibrary.framework/Versions/A/ChunkingLibrary
0x000000010098d000 	/System/Library/CoreServices/Encodings/libSimplifiedChineseConverter.dylib
0x0000000101a00000 	/Library/Java/JavaVirtualMachines/jdk1.8.0_65.jdk/Contents/Home/jre/lib/server/libjvm.dylib
0x000000004d97e000 	/usr/lib/libstdc++.6.dylib
0x00000001009d1000 	/Library/Java/JavaVirtualMachines/jdk1.8.0_65.jdk/Contents/Home/jre/lib/libverify.dylib
0x0000000102989000 	/Library/Java/JavaVirtualMachines/jdk1.8.0_65.jdk/Contents/Home/jre/lib/libjava.dylib
0x00000001029be000 	/Library/Java/JavaVirtualMachines/jdk1.8.0_65.jdk/Contents/Home/jre/lib/libjdwp.dylib
0x00000001009e0000 	/Library/Java/JavaVirtualMachines/jdk1.8.0_65.jdk/Contents/Home/jre/lib/libnpt.dylib
0x00000001009ed000 	/Library/Java/JavaVirtualMachines/jdk1.8.0_65.jdk/Contents/Home/jre/lib/libzip.dylib
0x0000000106abe000 	/System/Library/Frameworks/JavaVM.framework/Frameworks/JavaRuntimeSupport.framework/JavaRuntimeSupport
0x0000000106ad8000 	/System/Library/Frameworks/JavaVM.framework/Versions/A/Frameworks/JavaNativeFoundation.framework/Versions/A/JavaNativeFoundation
0x0000000106aed000 	/System/Library/Frameworks/JavaVM.framework/Versions/A/JavaVM
0x000000004d97e000 	/System/Library/Frameworks/Carbon.framework/Versions/A/Carbon
0x0000000106afa000 	/System/Library/PrivateFrameworks/JavaLaunching.framework/Versions/A/JavaLaunching
0x000000004d97e000 	/System/Library/Frameworks/Carbon.framework/Versions/A/Frameworks/CommonPanels.framework/Versions/A/CommonPanels
0x000000004d97e000 	/System/Library/Frameworks/Carbon.framework/Versions/A/Frameworks/Help.framework/Versions/A/Help
0x000000004d97e000 	/System/Library/Frameworks/Carbon.framework/Versions/A/Frameworks/ImageCapture.framework/Versions/A/ImageCapture
0x000000004d97e000 	/System/Library/Frameworks/Carbon.framework/Versions/A/Frameworks/OpenScripting.framework/Versions/A/OpenScripting
0x000000004d97e000 	/System/Library/Frameworks/Carbon.framework/Versions/A/Frameworks/Print.framework/Versions/A/Print
0x000000004d97e000 	/System/Library/Frameworks/Carbon.framework/Versions/A/Frameworks/SecurityHI.framework/Versions/A/SecurityHI
0x00000001083ff000 	/Library/Java/JavaVirtualMachines/jdk1.8.0_65.jdk/Contents/Home/jre/lib/libdt_socket.dylib

VM Arguments:
jvm_args: -agentlib:jdwp=transport=dt_socket,suspend=y,address=localhost:64790 -Dfile.encoding=UTF-8 
java_command: string.Solution632
java_class_path (initial): /Users/liuxl/JavaProjects/workspace/leetcode/bin
Launcher Type: SUN_STANDARD

Environment Variables:
PATH=/usr/bin:/bin:/usr/sbin:/sbin
SHELL=/bin/bash

Signal Handlers:
SIGSEGV: [libjvm.dylib+0x5a6d31], sa_mask[0]=11111111011111110111111111111111, sa_flags=SA_ONSTACK|SA_RESTART|SA_SIGINFO
SIGBUS: [libjvm.dylib+0x5a6d31], sa_mask[0]=11111111011111110111111111111111, sa_flags=SA_RESTART|SA_SIGINFO
SIGFPE: [libjvm.dylib+0x480a40], sa_mask[0]=11111111011111110111111111111111, sa_flags=SA_RESTART|SA_SIGINFO
SIGPIPE: [libjvm.dylib+0x480a40], sa_mask[0]=11111111011111110111111111111111, sa_flags=SA_RESTART|SA_SIGINFO
SIGXFSZ: [libjvm.dylib+0x480a40], sa_mask[0]=11111111011111110111111111111111, sa_flags=SA_RESTART|SA_SIGINFO
SIGILL: [libjvm.dylib+0x480a40], sa_mask[0]=11111111011111110111111111111111, sa_flags=SA_RESTART|SA_SIGINFO
SIGUSR1: SIG_DFL, sa_mask[0]=00000000000000000000000000000000, sa_flags=none
SIGUSR2: [libjvm.dylib+0x48055e], sa_mask[0]=00100000000000000000000000000000, sa_flags=SA_RESTART|SA_SIGINFO
SIGHUP: [libjvm.dylib+0x47eb35], sa_mask[0]=11111111011111110111111111111111, sa_flags=SA_RESTART|SA_SIGINFO
SIGINT: [libjvm.dylib+0x47eb35], sa_mask[0]=11111111011111110111111111111111, sa_flags=SA_RESTART|SA_SIGINFO
SIGTERM: [libjvm.dylib+0x47eb35], sa_mask[0]=11111111011111110111111111111111, sa_flags=SA_RESTART|SA_SIGINFO
SIGQUIT: [libjvm.dylib+0x47eb35], sa_mask[0]=11111111011111110111111111111111, sa_flags=SA_RESTART|SA_SIGINFO


---------------  S Y S T E M  ---------------

OS:Bsduname:Darwin 16.6.0 Darwin Kernel Version 16.6.0: Fri Apr 14 16:21:16 PDT 2017; root:xnu-3789.60.24~6/RELEASE_X86_64 x86_64
rlimit: STACK 8192k, CORE 0k, NPROC 709, NOFILE 10240, AS infinity
load average:3.65 3.38 3.36

CPU:total 8 (4 cores per cpu, 2 threads per core) family 6 model 70 stepping 1, cmov, cx8, fxsr, mmx, sse, sse2, sse3, ssse3, sse4.1, sse4.2, popcnt, avx, avx2, aes, clmul, erms, lzcnt, ht, tsc, tscinvbit, bmi1, bmi2

Memory: 4k page, physical 16777216k(2701916k free)

/proc/meminfo:


vm_info: Java HotSpot(TM) 64-Bit Server VM (25.65-b01) for bsd-amd64 JRE (1.8.0_65-b17), built on Oct  6 2015 15:36:46 by "java_re" with gcc 4.2.1 (Based on Apple Inc. build 5658) (LLVM build 2336.11.00)

time: Mon Jul 31 21:47:50 2017
elapsed time: 136 seconds (0d 0h 2m 16s)

